<?xml version="1.0" encoding="UTF-8"?>
<testsuite xmlns:xsi="http://www.w3.org/2001/XMLSchema-instance" xsi:noNamespaceSchemaLocation="https://maven.apache.org/surefire/maven-surefire-plugin/xsd/surefire-test-report-3.0.xsd" version="3.0" name="com.cg.DemoBootProject21ApplicationTests" time="3.62" tests="1" errors="0" skipped="0" failures="0">
  <properties>
[...]
</properties>
  <testcase name="contextLoads" classname="com.cg.DemoBootProject21ApplicationTests" time="1.207">
    <system-out><![CDATA[14:37:39.403 [main] INFO org.springframework.test.context.support.AnnotationConfigContextLoaderUtils -- Could not detect default configuration classes for test class [com.cg.DemoBootProject21ApplicationTests]: DemoBootProject21ApplicationTests does not declare any static, non-private, non-final, nested classes annotated with @Configuration.
14:37:39.570 [main] INFO org.springframework.boot.test.context.SpringBootTestContextBootstrapper -- Found @SpringBootConfiguration com.cg.DemoBootProject21Application for test class com.cg.DemoBootProject21ApplicationTests

  .   ____          _            __ _ _
 /\\ / ___'_ __ _ _(_)_ __  __ _ \ \ \ \
( ( )\___ | '_ | '_| | '_ \/ _` | \ \ \ \
 \\/  ___)| |_)| | | | | || (_| |  ) ) ) )
  '  |____| .__|_| |_|_| |_\__, | / / / /
 =========|_|==============|___/=/_/_/_/
 :: Spring Boot ::                (v3.1.3)

2023-09-22T14:37:40.252+05:30  INFO 18580 --- [           main] c.cg.DemoBootProject21ApplicationTests   : Starting DemoBootProject21ApplicationTests using Java 17.0.7 with PID 18580 (started by yumore in C:\Users\YUMORE\SpringBootAndRest1\DemoBootProject2-1)
2023-09-22T14:37:40.254+05:30  INFO 18580 --- [           main] c.cg.DemoBootProject21ApplicationTests   : No active profile set, falling back to 1 default profile: "default"
2023-09-22T14:37:41.508+05:30  INFO 18580 --- [           main] c.cg.DemoBootProject21ApplicationTests   : Started DemoBootProject21ApplicationTests in 1.672 seconds (process running for 3.21)
]]></system-out>
  </testcase>
</testsuite>